[17:27:38] [main/INFO] [com.velocitypowered.proxy.VelocityServer]: Booting up Velocity 3.3.0-SNAPSHOT (git-09f687e5-b413)...
[17:27:38] [main/INFO] [com.velocitypowered.proxy.VelocityServer]: Loading localizations...
[17:27:38] [main/INFO] [com.velocitypowered.proxy.network.ConnectionManager]: Connections will use NIO channels, Java compression, Java ciphers
[17:27:38] [main/INFO] [com.velocitypowered.proxy.VelocityServer]: Loading plugins...
[17:27:38] [main/INFO] [template]: TabListManager initialized
[17:27:38] [main/INFO] [com.velocitypowered.proxy.plugin.VelocityPluginManager]: Loaded plugin template 1.0-SNAPSHOT by 
[17:27:38] [main/INFO] [com.velocitypowered.proxy.VelocityServer]: Loaded 1 plugins
[17:27:39] [Velocity Async Event Executor - #0/INFO] [net.dv8tion.jda.api.JDA]: Login Successful!
[17:27:39] [JDA MainWS-ReadThread/INFO] [net.dv8tion.jda.internal.requests.WebSocketClient]: Connected to WebSocket
[17:27:39] [JDA MainWS-ReadThread/INFO] [net.dv8tion.jda.api.JDA]: Finished Loading!
[17:27:39] [Velocity Async Event Executor - #0/INFO] [com.velocitypowered.proxy.console.VelocityConsole]: Bot is ready!
[17:27:39] [Velocity Async Event Executor - #0/INFO] [template]: Template plugin has been initialized!
[17:27:39] [Velocity Async Event Executor - #0/INFO] [template]: 動的サーバーコマンドが登録されました。
[17:27:39] [Netty NIO Boss #0/INFO] [com.velocitypowered.proxy.network.ConnectionManager]: Listening on /192.168.1.6:25565
[17:27:39] [main/INFO] [com.velocitypowered.proxy.Velocity]: Done (2.19s)!
[17:27:43] [Netty NIO Worker #0/INFO] [com.velocitypowered.proxy.connection.client.AuthSessionHandler]: [connected player] tyokousagi (/192.168.1.6:53479) has connected
[17:27:43] [Netty NIO Worker #0/INFO] [com.velocitypowered.proxy.connection.MinecraftConnection]: [server connection] tyokousagi -> s1 has connected
[17:27:44] [JDA MainWS-ReadThread/INFO] [template-plugin]: Message received: 
[17:27:44] [JDA MainWS-ReadThread/INFO] [template-plugin]: Author: aaaaaaaaaaaaaa
[17:27:44] [JDA MainWS-ReadThread/INFO] [template-plugin]: Channel: test
[17:27:44] [JDA MainWS-ReadThread/INFO] [template-plugin]: Guild: CBcraft
[17:27:44] [JDA MainWS-ReadThread/INFO] [template-plugin]: Message received: 
[17:27:44] [JDA MainWS-ReadThread/INFO] [template-plugin]: Ignoring bot message
[17:27:44] [ForkJoinPool.commonPool-worker-1/INFO] [com.velocitypowered.proxy.console.VelocityConsole]: メッセージが送信されました
[17:27:48] [JDA MainWS-ReadThread/INFO] [template-plugin]: Message received: [s1]<tyokousagi>aaa
[17:27:48] [JDA MainWS-ReadThread/INFO] [template-plugin]: Author: aaaaaaaaaaaaaa
[17:27:48] [JDA MainWS-ReadThread/INFO] [template-plugin]: Channel: test
[17:27:48] [JDA MainWS-ReadThread/INFO] [template-plugin]: Guild: CBcraft
[17:27:48] [JDA MainWS-ReadThread/INFO] [template-plugin]: Message received: [s1]<tyokousagi>aaa
[17:27:48] [JDA MainWS-ReadThread/INFO] [template-plugin]: Ignoring bot message
[17:27:48] [ForkJoinPool.commonPool-worker-1/INFO] [com.velocitypowered.proxy.console.VelocityConsole]: Discordにメッセージが送信されました: [s1]<tyokousagi>aaa
[17:27:50] [JDA MainWS-ReadThread/INFO] [template-plugin]: Message received: [s1]<tyokousagi>aaa
[17:27:50] [JDA MainWS-ReadThread/INFO] [template-plugin]: Author: aaaaaaaaaaaaaa
[17:27:50] [JDA MainWS-ReadThread/INFO] [template-plugin]: Channel: test
[17:27:50] [JDA MainWS-ReadThread/INFO] [template-plugin]: Guild: CBcraft
[17:27:50] [JDA MainWS-ReadThread/INFO] [template-plugin]: Message received: [s1]<tyokousagi>aaa
[17:27:50] [JDA MainWS-ReadThread/INFO] [template-plugin]: Ignoring bot message
[17:27:50] [ForkJoinPool.commonPool-worker-1/INFO] [com.velocitypowered.proxy.console.VelocityConsole]: Discordにメッセージが送信されました: [s1]<tyokousagi>aaa
[17:27:50] [Netty NIO Worker #0/INFO] [com.velocitypowered.proxy.connection.MinecraftConnection]: [connected player] tyokousagi (/192.168.1.6:53479) has disconnected
[17:27:50] [Netty NIO Worker #0/INFO] [com.velocitypowered.proxy.connection.MinecraftConnection]: [server connection] tyokousagi -> s1 has disconnected
[17:27:50] [JDA MainWS-ReadThread/INFO] [template-plugin]: Message received: 
[17:27:50] [JDA MainWS-ReadThread/INFO] [template-plugin]: Author: aaaaaaaaaaaaaa
[17:27:50] [JDA MainWS-ReadThread/INFO] [template-plugin]: Channel: test
[17:27:50] [JDA MainWS-ReadThread/INFO] [template-plugin]: Guild: CBcraft
[17:27:50] [JDA MainWS-ReadThread/INFO] [template-plugin]: Message received: 
[17:27:50] [JDA MainWS-ReadThread/INFO] [template-plugin]: Ignoring bot message
[17:27:50] [ForkJoinPool.commonPool-worker-1/INFO] [com.velocitypowered.proxy.console.VelocityConsole]: メッセージが送信されました
